<?xml version="1.0" encoding="UTF-8"?>
<!-- Generated by org.testng.reporters.JUnitReportReporter -->
<testsuite hostname="DESKTOP-SELHIJF" failures="0" tests="2" name="demoTest22102022.FirstClass" time="0.018" errors="0" timestamp="2022-10-22T13:23:47 EEST" skipped="0">
  <testcase classname="demoTest22102022.FirstClass" name="myfourthTest" time="0.017"/>
  <system-out/>
  <testcase classname="demoTest22102022.FirstClass" name="myfifthTest" time="0.001"/>
  <system-out/>
</testsuite> <!-- demoTest22102022.FirstClass -->
