<?xml version="1.0" encoding="UTF-8"?>
<!-- Generated by org.testng.reporters.JUnitReportReporter -->
<testsuite hostname="DESKTOP-SELHIJF" failures="0" tests="3" name="SwagLabSite.SwagLabSiteLogin" time="2.429" errors="0" timestamp="2022-10-22T11:13:12 EEST" skipped="0">
  <testcase classname="SwagLabSite.SwagLabSiteLogin" name="navigate" time="2.088"/>
  <system-out/>
  <testcase classname="SwagLabSite.SwagLabSiteLogin" name="credntials" time="0.204"/>
  <system-out/>
  <testcase classname="SwagLabSite.SwagLabSiteLogin" name="close" time="0.137"/>
  <system-out/>
</testsuite> <!-- SwagLabSite.SwagLabSiteLogin -->
