<?xml version="1.0" encoding="UTF-8"?>
<!-- Generated by org.testng.reporters.JUnitReportReporter -->
<testsuite hostname="DESKTOP-SELHIJF" failures="0" tests="1" name="automation_TestNG_Sat.MyCreditCard" time="0.002" errors="0" timestamp="2022-10-08T13:48:06 EEST" skipped="0">
  <testcase classname="automation_TestNG_Sat.MyCreditCard" name="myCredit2" time="0.002"/>
  <system-out/>
</testsuite> <!-- automation_TestNG_Sat.MyCreditCard -->
