<?xml version="1.0" encoding="UTF-8"?>
<!-- Generated by org.testng.reporters.JUnitReportReporter -->
<testsuite hostname="DESKTOP-SELHIJF" failures="0" tests="3" name="automation_TestNG_Sat.MyVoucher" time="0.027" errors="0" timestamp="2022-10-08T13:53:17 EEST" skipped="0">
  <testcase classname="automation_TestNG_Sat.MyVoucher" name="myVoucher1" time="0.023"/>
  <system-out/>
  <testcase classname="automation_TestNG_Sat.MyVoucher" name="myVoucher2" time="0.002"/>
  <system-out/>
  <testcase classname="automation_TestNG_Sat.MyVoucher" name="myVoucher3" time="0.002"/>
  <system-out/>
</testsuite> <!-- automation_TestNG_Sat.MyVoucher -->
