<?xml version="1.0" encoding="UTF-8"?>
<!-- Generated by org.testng.reporters.JUnitReportReporter -->
<testsuite hostname="DESKTOP-SELHIJF" failures="0" tests="1" name="automation_TestNG_Sat.MyCash" time="0.013" errors="0" timestamp="2022-10-08T13:48:06 EEST" skipped="0">
  <testcase classname="automation_TestNG_Sat.MyCash" name="myCashSales_2" time="0.013"/>
  <system-out/>
</testsuite> <!-- automation_TestNG_Sat.MyCash -->
